<?xml version="1.0" encoding="UTF-8"?>
<testsuite xmlns:xsi="http://www.w3.org/2001/XMLSchema-instance" xsi:noNamespaceSchemaLocation="https://maven.apache.org/surefire/maven-surefire-plugin/xsd/surefire-test-report-3.0.xsd" version="3.0" name="io.cucumber.skeleton.RunBlazeDemoTest" time="69.375" tests="4" errors="0" skipped="0" failures="0">
  <properties>
[...]
</properties>
  <testcase name="Travel Agency Web App - Go to the Simple Travel Agency site" classname="Travel Agency Web App" time="61.424">
    <system-out><![CDATA[
Scenario: Find Flights From Mexico City to New York                        &amp#27;[90m# io/cucumber/skeleton/blaze.feature:14&amp#27;[0m

Scenario: Buy one Flight From Portland to Berlin                      &amp#27;[90m# io/cucumber/skeleton/blaze.feature:21&amp#27;[0m

Scenario: Find Flights From Paris to Buenos Aires                        &amp#27;[90m# io/cucumber/skeleton/blaze.feature:7&amp#27;[0m

Scenario: Go to the Simple Travel Agency site      &amp#27;[90m# io/cucumber/skeleton/blaze.feature:3&amp#27;[0m
  &amp#27;[32mWhen &amp#27;[0m&amp#27;[32mI navigate to &amp#27;[0m&amp#27;[32m&amp#27;[1m"https://blazedemo.com/"&amp#27;[0m                         &amp#27;[90m# io.cucumber.skeleton.BlazeDemoSteps.iNavigateTo(java.lang.String)&amp#27;[0m
  &amp#27;[32mWhen &amp#27;[0m&amp#27;[32mI navigate to &amp#27;[0m&amp#27;[32m&amp#27;[1m"https://blazedemo.com/"&amp#27;[0m      &amp#27;[90m# io.cucumber.skeleton.BlazeDemoSteps.iNavigateTo(java.lang.String)&amp#27;[0m
  &amp#27;[32mWhen &amp#27;[0m&amp#27;[32mI navigate to &amp#27;[0m&amp#27;[32m&amp#27;[1m"https://blazedemo.com/"&amp#27;[0m                              &amp#27;[90m# io.cucumber.skeleton.BlazeDemoSteps.iNavigateTo(java.lang.String)&amp#27;[0m
  &amp#27;[32mThen &amp#27;[0m&amp#27;[32mThe title of the page should be &amp#27;[0m&amp#27;[32m&amp#27;[1m"BlazeDemo"&amp#27;[0m &amp#27;[90m# io.cucumber.skeleton.BlazeDemoSteps.theTitleOfThePageShouldBe(java.lang.String)&amp#27;[0m
]]></system-out>
    <system-err><![CDATA[SLF4J: Failed to load class "org.slf4j.impl.StaticLoggerBinder".
SLF4J: Defaulting to no-operation (NOP) logger implementation
SLF4J: See http://www.slf4j.org/codes.html#StaticLoggerBinder for further details.
SStStaartrttiianngg  rChCtrhrioomnmege DDCrrhiirvoemvereD rr1 i0v01e.00r. 4180906..0.064809.60..6S0t 4(a86rat95d6i10n.g86 06C 1h(rc6oeam8e5ddDre1i5vf0ecr8 e12601205c.e6084.d4e68559f86c.e0263032 b54(663a45cd6b57180d08e3630b144c37ecb8-7rddeeef05s4f/c7b-rera2en2f5sc6/h4b6-r5ah8n0ce3ha3d-bs4h/3ec4ba879d6de@0s{4/7#-48r879e56}f)s @/o{bn #r8pao75rn}t)c  ho3-n7h 8ep3a6od
rOtsn /l45y38 95l66@o4c{
#aO87nl5 l}cyo)n  nlooencca tlpo irocton ns5 n1aer5ec9 ta6il
olOnos nawlreey d al.lol
coPawleld e.coans
nePel  esa(esec6e a 5shdteti1et0op 8ns6sh: 1/tact/percse8:h/d r/eacohl5mrefodmcreiedlvr2eivr2e.5ocr6h.r4cow6me5id8hu.0rmo3
.m3Pioublrme4g.o3/arscgeb/css7urdeeietc0 yu-s4r7eic-oren esfhtitsyd-/tecbpronrass:iatd/nier/coahcnts-i ohhfoerra nsdusogs/gmee4 s8tfdi9o6rn@is{vo #eorr8n .7 5cskue}gepg)ih enosgrnt  Cipohormonorimstue m Do4.ri2onvr9 e7grk3/ e
ssOeeacnfpuleiyr.n i
gtl oyC-cachlon rcsooimdnenereDcarttiiivooennrss   sfaafeo.r sug
gestions on keeping reC harlolmoewDerdi.
vePrl esaasfee. 
see https://chromedriver.chromium.org/security-considerations for suggestions on keeping ChromeDriver safe.
ChromeDriver was started successfully.
ChromeDriver was started successfully.
ChromeDriver was started successfully.
ChromeDriver was started successfully.
abr 09, 2022 2:53:07 DA MANHÃ org.openqa.selenium.remote.ProtocolHandshake createSession
INFO: Detected dialect: W3C
abr 09, 2022 2:53:07 DA MANHÃ org.openqa.selenium.remote.ProtocolHandshake createSession
INFO: Detected dialect: W3C
abr 09, 2022 2:53:07 DA MANHÃ org.openqa.selenium.remote.ProtocolHandshake createSession
INFO: Detected dialect: W3C
abr 09, 2022 2:53:07 DA MANHÃ org.openqa.selenium.remote.ProtocolHandshake createSession
INFO: Detected dialect: W3C
abr 09, 2022 2:53:08 DA MANHÃ org.openqa.selenium.devtools.CdpVersionFinder findNearestMatch
WARNING: Unable to find an exact match for CDP version 100, so returning the closest version found: a no-op implementation
abr 09, 2022 2:53:08 DA MANHÃ org.openqa.selenium.devtools.CdpVersionFinder findNearestMatch
WARNING: Unable to find an exact match for CDP version 100, so returning the closest version found: a no-op implementation
abr 09, 2022 2:53:08 DA MANHÃ org.openqa.selenium.devtools.CdpVersionFinder findNearestMatch
WARNING: Unable to find an exact match for CDP version 100, so returning the closest version found: a no-op implementation
abr 09, 2022 2:53:08 DA MANHÃ org.openqa.selenium.devtools.CdpVersionFinder findNearestMatch
WARNING: Unable to find an exact match for CDP version 100, so returning the closest version found: a no-op implementation
abr 09, 2022 2:53:08 DA MANHÃ org.openqa.selenium.devtools.CdpVersionFinder findNearestMatch
INFO: Unable to find CDP implementation matching 100.
abr 09, 2022 2:53:08 DA MANHÃ org.openqa.selenium.devtools.CdpVersionFinder findNearestMatch
INFO: Unable to find CDP implementation matching 100.
abr 09, 2022 2:53:08 DA MANHÃ org.openqa.selenium.devtools.CdpVersionFinder findNearestMatch
INFO: Unable to find CDP implementation matching 100.
abr 09, 2022 2:53:08 DA MANHÃ org.openqa.selenium.chromium.ChromiumDriver lambda$new$3
WARNING: Unable to find version of CDP to use for . You may need to include a dependency on a specific version of the CDP using something similar to `org.seleniumhq.selenium:selenium-devtools-v86:4.0.0` where the version ("v86") matches the version of the chromium-based browser you're using and the version number of the artifact is the same as Selenium's.
abr 09, 2022 2:53:08 DA MANHÃ org.openqa.selenium.chromium.ChromiumDriver lambda$new$3
WARNING: Unable to find version of CDP to use for . You may need to include a dependency on a specific version of the CDP using something similar to `org.seleniumhq.selenium:selenium-devtools-v86:4.0.0` where the version ("v86") matches the version of the chromium-based browser you're using and the version number of the artifact is the same as Selenium's.
abr 09, 2022 2:53:08 DA MANHÃ org.openqa.selenium.devtools.CdpVersionFinder findNearestMatch
INFO: Unable to find CDP implementation matching 100.
abr 09, 2022 2:53:08 DA MANHÃ org.openqa.selenium.chromium.ChromiumDriver lambda$new$3
WARNING: Unable to find version of CDP to use for . You may need to include a dependency on a specific version of the CDP using something similar to `org.seleniumhq.selenium:selenium-devtools-v86:4.0.0` where the version ("v86") matches the version of the chromium-based browser you're using and the version number of the artifact is the same as Selenium's.
abr 09, 2022 2:53:08 DA MANHÃ org.openqa.selenium.chromium.ChromiumDriver lambda$new$3
WARNING: Unable to find version of CDP to use for . You may need to include a dependency on a specific version of the CDP using something similar to `org.seleniumhq.selenium:selenium-devtools-v86:4.0.0` where the version ("v86") matches the version of the chromium-based browser you're using and the version number of the artifact is the same as Selenium's.
]]></system-err>
  </testcase>
  <testcase name="Travel Agency Web App - Find Flights From Mexico City to New York" classname="Travel Agency Web App" time="65.203">
    <system-out><![CDATA[  &amp#27;[32mWhen &amp#27;[0m&amp#27;[32mI navigate to &amp#27;[0m&amp#27;[32m&amp#27;[1m"https://blazedemo.com/"&amp#27;[0m                            &amp#27;[90m# io.cucumber.skeleton.BlazeDemoSteps.iNavigateTo(java.lang.String)&amp#27;[0m
  &amp#27;[32mAnd &amp#27;[0m&amp#27;[32mI select departure city &amp#27;[0m&amp#27;[32m&amp#27;[1m"Portland"&amp#27;[0m                              &amp#27;[90m# io.cucumber.skeleton.BlazeDemoSteps.iSelectDepartureCity(java.lang.String)&amp#27;[0m
  &amp#27;[32mAnd &amp#27;[0m&amp#27;[32mI select departure city &amp#27;[0m&amp#27;[32m&amp#27;[1m"Mexico City"&amp#27;[0m                                &amp#27;[90m# io.cucumber.skeleton.BlazeDemoSteps.iSelectDepartureCity(java.lang.String)&amp#27;[0m
  &amp#27;[32mAnd &amp#27;[0m&amp#27;[32mI select departure city &amp#27;[0m&amp#27;[32m&amp#27;[1m"Paris"&amp#27;[0m                                    &amp#27;[90m# io.cucumber.skeleton.BlazeDemoSteps.iSelectDepartureCity(java.lang.String)&amp#27;[0m
  &amp#27;[32mAnd &amp#27;[0m&amp#27;[32mI select destination city &amp#27;[0m&amp#27;[32m&amp#27;[1m"Berlin"&amp#27;[0m                              &amp#27;[90m# io.cucumber.skeleton.BlazeDemoSteps.iSelectDestinationCity(java.lang.String)&amp#27;[0m
  &amp#27;[32mAnd &amp#27;[0m&amp#27;[32mI select destination city &amp#27;[0m&amp#27;[32m&amp#27;[1m"New York"&amp#27;[0m                                 &amp#27;[90m# io.cucumber.skeleton.BlazeDemoSteps.iSelectDestinationCity(java.lang.String)&amp#27;[0m
  &amp#27;[32mAnd &amp#27;[0m&amp#27;[32mI select destination city &amp#27;[0m&amp#27;[32m&amp#27;[1m"Buenos Aires"&amp#27;[0m                           &amp#27;[90m# io.cucumber.skeleton.BlazeDemoSteps.iSelectDestinationCity(java.lang.String)&amp#27;[0m
  &amp#27;[32mAnd &amp#27;[0m&amp#27;[32mI click &amp#27;[0m&amp#27;[32m&amp#27;[1m"Find Flights"&amp#27;[0m                                             &amp#27;[90m# io.cucumber.skeleton.BlazeDemoSteps.iClick(java.lang.String)&amp#27;[0m
  &amp#27;[32mAnd &amp#27;[0m&amp#27;[32mI click &amp#27;[0m&amp#27;[32m&amp#27;[1m"Find Flights"&amp#27;[0m                                          &amp#27;[90m# io.cucumber.skeleton.BlazeDemoSteps.iClick(java.lang.String)&amp#27;[0m
  &amp#27;[32mAnd &amp#27;[0m&amp#27;[32mI click &amp#27;[0m&amp#27;[32m&amp#27;[1m"Find Flights"&amp#27;[0m                                               &amp#27;[90m# io.cucumber.skeleton.BlazeDemoSteps.iClick(java.lang.String)&amp#27;[0m
  &amp#27;[32mThen &amp#27;[0m&amp#27;[32mI should be shown results of &amp#27;[0m&amp#27;[32m&amp#27;[1m"Flights from Portland to Berlin"&amp#27;[0m &amp#27;[90m# io.cucumber.skeleton.BlazeDemoSteps.iShouldBeShownResultsOf(java.lang.String)&amp#27;[0m
  &amp#27;[32mThen &amp#27;[0m&amp#27;[32mI should be shown results of &amp#27;[0m&amp#27;[32m&amp#27;[1m"Flights from Paris to Buenos Aires"&amp#27;[0m &amp#27;[90m# io.cucumber.skeleton.BlazeDemoSteps.iShouldBeShownResultsOf(java.lang.String)&amp#27;[0m
  &amp#27;[32mThen &amp#27;[0m&amp#27;[32mI should be shown results of &amp#27;[0m&amp#27;[32m&amp#27;[1m"Flights from Mexico City to New York"&amp#27;[0m &amp#27;[90m# io.cucumber.skeleton.BlazeDemoSteps.iShouldBeShownResultsOf(java.lang.String)&amp#27;[0m
]]></system-out>
  </testcase>
  <testcase name="Travel Agency Web App - Find Flights From Paris to Buenos Aires" classname="Travel Agency Web App" time="65.207"/>
  <testcase name="Travel Agency Web App - Buy one Flight From Portland to Berlin" classname="Travel Agency Web App" time="69.141">
    <system-out><![CDATA[  &amp#27;[32mWhen &amp#27;[0m&amp#27;[32mI click &amp#27;[0m&amp#27;[32m&amp#27;[1m"Choose This Flight"&amp#27;[0m                                   &amp#27;[90m# io.cucumber.skeleton.BlazeDemoSteps.iClick(java.lang.String)&amp#27;[0m
  &amp#27;[32mAnd &amp#27;[0m&amp#27;[32mI enter my Name &amp#27;[0m&amp#27;[32m&amp#27;[1m"Hugo Almeida"&amp#27;[0m                                  &amp#27;[90m# io.cucumber.skeleton.BlazeDemoSteps.iEnterMyName(java.lang.String)&amp#27;[0m
  &amp#27;[32mAnd &amp#27;[0m&amp#27;[32mI enter my Address &amp#27;[0m&amp#27;[32m&amp#27;[1m"UA"&amp#27;[0m                                         &amp#27;[90m# io.cucumber.skeleton.BlazeDemoSteps.iEnterMyAddress(java.lang.String)&amp#27;[0m
  &amp#27;[32mAnd &amp#27;[0m&amp#27;[32mI enter my City &amp#27;[0m&amp#27;[32m&amp#27;[1m"Aveiro"&amp#27;[0m                                        &amp#27;[90m# io.cucumber.skeleton.BlazeDemoSteps.iEnterMyCity(java.lang.String)&amp#27;[0m
  &amp#27;[32mAnd &amp#27;[0m&amp#27;[32mI enter my State &amp#27;[0m&amp#27;[32m&amp#27;[1m"Aveiro"&amp#27;[0m                                       &amp#27;[90m# io.cucumber.skeleton.BlazeDemoSteps.iEnterMyState(java.lang.String)&amp#27;[0m
  &amp#27;[32mAnd &amp#27;[0m&amp#27;[32mI enter my Zip Code &amp#27;[0m&amp#27;[32m&amp#27;[1m12345&amp#27;[0m                                       &amp#27;[90m# io.cucumber.skeleton.BlazeDemoSteps.iEnterMyZipCode(java.lang.Integer)&amp#27;[0m
  &amp#27;[32mAnd &amp#27;[0m&amp#27;[32mI enter my Credit Card Number &amp#27;[0m&amp#27;[32m&amp#27;[1m12345&amp#27;[0m                             &amp#27;[90m# io.cucumber.skeleton.BlazeDemoSteps.iEnterMyCreditCardNumber(java.lang.Integer)&amp#27;[0m
  &amp#27;[32mAnd &amp#27;[0m&amp#27;[32mI enter my Name on Card &amp#27;[0m&amp#27;[32m&amp#27;[1m"Hugo Almeida"&amp#27;[0m                          &amp#27;[90m# io.cucumber.skeleton.BlazeDemoSteps.iEnterMyNameOnCard(java.lang.String)&amp#27;[0m
  &amp#27;[32mAnd &amp#27;[0m&amp#27;[32mI click &amp#27;[0m&amp#27;[32m&amp#27;[1m"Purchase Flight"&amp#27;[0m                                       &amp#27;[90m# io.cucumber.skeleton.BlazeDemoSteps.iClick(java.lang.String)&amp#27;[0m
  &amp#27;[32mThen &amp#27;[0m&amp#27;[32mThe purchase should be confirmed&amp#27;[0m                               &amp#27;[90m# io.cucumber.skeleton.BlazeDemoSteps.thePurchaseShouldBeConfirmed()&amp#27;[0m
  &amp#27;[32mAnd &amp#27;[0m&amp#27;[32mThe title of the page should be &amp#27;[0m&amp#27;[32m&amp#27;[1m"BlazeDemo Confirmation"&amp#27;[0m        &amp#27;[90m# io.cucumber.skeleton.BlazeDemoSteps.theTitleOfThePageShouldBe(java.lang.String)&amp#27;[0m
]]></system-out>
  </testcase>
</testsuite>