<?xml version="1.0" encoding="UTF-8"?>
<testsuite xmlns:xsi="http://www.w3.org/2001/XMLSchema-instance" xsi:noNamespaceSchemaLocation="https://maven.apache.org/surefire/maven-surefire-plugin/xsd/surefire-test-report.xsd" name="BookSearchTest" time="0.3" tests="1" errors="1" skipped="0" failures="0">
  <properties>
[...]
</properties>
  <testcase name="Search books by publication year" classname="com.dxogo.BookSearchTest" time="0.146">
    <error message="The step &apos;a book with the title &apos;One good book&apos;, written by &apos;Anonymous&apos;, published in 2013-03-14&apos; and 2 other step(s) are undefined.&#10;You can implement these steps using the snippet(s) below:&#10;&#10;@Given(&quot;a book with the title {string}, written by {string}, published in {int}-{int}-{int}&quot;)&#10;public void a_book_with_the_title_written_by_published_in(String string, String string2, Integer int1, Integer int2, Integer int3) {&#10;    // Write code here that turns the phrase above into concrete actions&#10;    throw new io.cucumber.java.PendingException();&#10;}&#10;@Given(&quot;another book with the title {string}, written by {string}, published in {int}-{int}-{int}&quot;)&#10;public void another_book_with_the_title_written_by_published_in(String string, String string2, Integer int1, Integer int2, Integer int3) {&#10;    // Write code here that turns the phrase above into concrete actions&#10;    throw new io.cucumber.java.PendingException();&#10;}&#10;" type="io.cucumber.junit.platform.engine.UndefinedStepException">io.cucumber.junit.platform.engine.UndefinedStepException: 
The step 'a book with the title 'One good book', written by 'Anonymous', published in 2013-03-14' and 2 other step(s) are undefined.
You can implement these steps using the snippet(s) below:

@Given("a book with the title {string}, written by {string}, published in {int}-{int}-{int}")
public void a_book_with_the_title_written_by_published_in(String string, String string2, Integer int1, Integer int2, Integer int3) {
    // Write code here that turns the phrase above into concrete actions
    throw new io.cucumber.java.PendingException();
}
@Given("another book with the title {string}, written by {string}, published in {int}-{int}-{int}")
public void another_book_with_the_title_written_by_published_in(String string, String string2, Integer int1, Integer int2, Integer int3) {
    // Write code here that turns the phrase above into concrete actions
    throw new io.cucumber.java.PendingException();
}

</error>
    <system-out><![CDATA[
Scenario: Search books by publication year                                                                    &amp#27;[90m# com/dxogo/book.feature:4&amp#27;[0m
  &amp#27;[33mGiven &amp#27;[0m&amp#27;[33ma book with the title 'One good book', written by 'Anonymous', published in 2013-03-14&amp#27;[0m
  &amp#27;[36mAnd &amp#27;[0m&amp#27;[36manother book with the title 'Some other book', written by 'Tim Tomson', published in 2014-08-23&amp#27;[0m
  &amp#27;[36mAnd &amp#27;[0m&amp#27;[36manother book with the title 'How to cook a dino', written by 'Fred Flintstone', published in 2012-01-01&amp#27;[0m
  &amp#27;[36mWhen &amp#27;[0m&amp#27;[36mthe customer searches for books published between &amp#27;[0m&amp#27;[36m&amp#27;[1m2013-01-01&amp#27;[0m&amp#27;[36m and &amp#27;[0m&amp#27;[36m&amp#27;[1m2014-12-31&amp#27;[0m                            &amp#27;[90m# com.dxogo.BookSearchSteps.setSearchParameters(java.time.LocalDateTime,java.time.LocalDateTime)&amp#27;[0m
  &amp#27;[36mThen &amp#27;[0m&amp#27;[36m&amp#27;[0m&amp#27;[36m&amp#27;[1m2&amp#27;[0m&amp#27;[36m books should have been found&amp#27;[0m                                                                         &amp#27;[90m# com.dxogo.BookSearchSteps.verifyAmountOfBooksFound(int)&amp#27;[0m
  &amp#27;[36mAnd &amp#27;[0m&amp#27;[36mBook &amp#27;[0m&amp#27;[36m&amp#27;[1m1&amp#27;[0m&amp#27;[36m should have the title &amp#27;[0m&amp#27;[36m&amp#27;[1m'Some other book'&amp#27;[0m                                                          &amp#27;[90m# com.dxogo.BookSearchSteps.verifyBookAtPosition(int,java.lang.String)&amp#27;[0m
  &amp#27;[36mAnd &amp#27;[0m&amp#27;[36mBook &amp#27;[0m&amp#27;[36m&amp#27;[1m2&amp#27;[0m&amp#27;[36m should have the title &amp#27;[0m&amp#27;[36m&amp#27;[1m'One good book'&amp#27;[0m                                                            &amp#27;[90m# com.dxogo.BookSearchSteps.verifyBookAtPosition(int,java.lang.String)&amp#27;[0m
]]></system-out>
  </testcase>
</testsuite>